<?xml version="1.0" encoding="UTF-8"?>
<testng-results skipped="0" failed="0" ignored="0" total="1" passed="1">
  <reporter-output>
  </reporter-output>
  <suite name="Default suite" duration-ms="6075" started-at="2021-04-09T18:31:43Z" finished-at="2021-04-09T18:31:49Z">
    <groups>
    </groups>
    <test name="Default test" duration-ms="6075" started-at="2021-04-09T18:31:43Z" finished-at="2021-04-09T18:31:49Z">
      <class name="groupId.artifactId.testNG.testNG">
        <test-method status="PASS" signature="abc()[pri:0, instance:groupId.artifactId.testNG.testNG@4445629]" name="abc" duration-ms="6063" started-at="2021-04-09T18:31:43Z" finished-at="2021-04-09T18:31:49Z">
          <reporter-output>
          </reporter-output>
        </test-method> <!-- abc -->
      </class> <!-- groupId.artifactId.testNG.testNG -->
    </test> <!-- Default test -->
  </suite> <!-- Default suite -->
</testng-results>
