<?xml version="1.0" encoding="UTF-8"?>
<testng-results skipped="0" failed="0" total="4" passed="4">
  <reporter-output>
  </reporter-output>
  <suite name="data driven login testing" duration-ms="29465" started-at="2021-03-21T17:50:50Z" finished-at="2021-03-21T17:51:20Z">
    <groups>
    </groups>
    <test name="validating positive data" duration-ms="6390" started-at="2021-03-21T17:50:50Z" finished-at="2021-03-21T17:50:57Z">
      <class name="sauceDemoTest.Scripts.validataLoginData">
        <test-method status="PASS" signature="setupTest()[pri:0, instance:sauceDemoTest.Scripts.validataLoginData@1810399e]" name="setupTest" is-config="true" duration-ms="2818" started-at="2021-03-21T13:50:50Z" finished-at="2021-03-21T13:50:53Z">
          <reporter-output>
          </reporter-output>
        </test-method> <!-- setupTest -->
        <test-method status="PASS" signature="getToHomePage()[pri:0, instance:sauceDemoTest.Scripts.validataLoginData@1810399e]" name="getToHomePage" is-config="true" duration-ms="212" started-at="2021-03-21T13:50:53Z" finished-at="2021-03-21T13:50:53Z">
          <reporter-output>
          </reporter-output>
        </test-method> <!-- getToHomePage -->
        <test-method status="PASS" signature="validateLogin(java.lang.String, java.lang.String, java.lang.String)[pri:0, instance:sauceDemoTest.Scripts.validataLoginData@1810399e]" name="validateLogin" duration-ms="1528" started-at="2021-03-21T13:50:53Z" finished-at="2021-03-21T13:50:55Z">
          <params>
            <param index="0">
              <value>
                <![CDATA[standard_user]]>
              </value>
            </param>
            <param index="1">
              <value>
                <![CDATA[secret_sauce]]>
              </value>
            </param>
            <param index="2">
              <value>
                <![CDATA[https://www.saucedemo.com/inventory.html]]>
              </value>
            </param>
          </params>
          <reporter-output>
          </reporter-output>
        </test-method> <!-- validateLogin -->
        <test-method status="PASS" signature="endTest()[pri:0, instance:sauceDemoTest.Scripts.validataLoginData@1810399e]" name="endTest" is-config="true" duration-ms="1823" started-at="2021-03-21T13:50:55Z" finished-at="2021-03-21T13:50:57Z">
          <reporter-output>
          </reporter-output>
        </test-method> <!-- endTest -->
      </class> <!-- sauceDemoTest.Scripts.validataLoginData -->
    </test> <!-- validating positive data -->
    <test name="validating negative data" duration-ms="5490" started-at="2021-03-21T17:50:57Z" finished-at="2021-03-21T17:51:02Z">
      <class name="sauceDemoTest.Scripts.validataLoginData">
        <test-method status="PASS" signature="setupTest()[pri:0, instance:sauceDemoTest.Scripts.validataLoginData@548a9f61]" name="setupTest" is-config="true" duration-ms="2249" started-at="2021-03-21T13:50:57Z" finished-at="2021-03-21T13:50:59Z">
          <reporter-output>
          </reporter-output>
        </test-method> <!-- setupTest -->
        <test-method status="PASS" signature="getToHomePage()[pri:0, instance:sauceDemoTest.Scripts.validataLoginData@548a9f61]" name="getToHomePage" is-config="true" duration-ms="226" started-at="2021-03-21T13:50:59Z" finished-at="2021-03-21T13:50:59Z">
          <reporter-output>
          </reporter-output>
        </test-method> <!-- getToHomePage -->
        <test-method status="PASS" signature="validateLogin(java.lang.String, java.lang.String, java.lang.String)[pri:0, instance:sauceDemoTest.Scripts.validataLoginData@548a9f61]" name="validateLogin" duration-ms="1229" started-at="2021-03-21T13:50:59Z" finished-at="2021-03-21T13:51:00Z">
          <params>
            <param index="0">
              <value>
                <![CDATA[secret_socked_out_useauce]]>
              </value>
            </param>
            <param index="1">
              <value>
                <![CDATA[secret_sauce]]>
              </value>
            </param>
            <param index="2">
              <value>
                <![CDATA[https://www.saucedemo.com/]]>
              </value>
            </param>
          </params>
          <reporter-output>
          </reporter-output>
        </test-method> <!-- validateLogin -->
        <test-method status="PASS" signature="endTest()[pri:0, instance:sauceDemoTest.Scripts.validataLoginData@548a9f61]" name="endTest" is-config="true" duration-ms="1783" started-at="2021-03-21T13:51:00Z" finished-at="2021-03-21T13:51:02Z">
          <reporter-output>
          </reporter-output>
        </test-method> <!-- endTest -->
      </class> <!-- sauceDemoTest.Scripts.validataLoginData -->
    </test> <!-- validating negative data -->
    <test name="validating problem user data" duration-ms="6995" started-at="2021-03-21T17:51:02Z" finished-at="2021-03-21T17:51:09Z">
      <class name="sauceDemoTest.Scripts.validataLoginData">
        <test-method status="PASS" signature="setupTest()[pri:0, instance:sauceDemoTest.Scripts.validataLoginData@28feb3fa]" name="setupTest" is-config="true" duration-ms="2165" started-at="2021-03-21T13:51:02Z" finished-at="2021-03-21T13:51:04Z">
          <reporter-output>
          </reporter-output>
        </test-method> <!-- setupTest -->
        <test-method status="PASS" signature="getToHomePage()[pri:0, instance:sauceDemoTest.Scripts.validataLoginData@28feb3fa]" name="getToHomePage" is-config="true" duration-ms="1789" started-at="2021-03-21T13:51:04Z" finished-at="2021-03-21T13:51:06Z">
          <reporter-output>
          </reporter-output>
        </test-method> <!-- getToHomePage -->
        <test-method status="PASS" signature="validateLogin(java.lang.String, java.lang.String, java.lang.String)[pri:0, instance:sauceDemoTest.Scripts.validataLoginData@28feb3fa]" name="validateLogin" duration-ms="1247" started-at="2021-03-21T13:51:06Z" finished-at="2021-03-21T13:51:07Z">
          <params>
            <param index="0">
              <value>
                <![CDATA[problem_user]]>
              </value>
            </param>
            <param index="1">
              <value>
                <![CDATA[secret_sauce]]>
              </value>
            </param>
            <param index="2">
              <value>
                <![CDATA[https://www.saucedemo.com/inventory.html]]>
              </value>
            </param>
          </params>
          <reporter-output>
          </reporter-output>
        </test-method> <!-- validateLogin -->
        <test-method status="PASS" signature="endTest()[pri:0, instance:sauceDemoTest.Scripts.validataLoginData@28feb3fa]" name="endTest" is-config="true" duration-ms="1793" started-at="2021-03-21T13:51:07Z" finished-at="2021-03-21T13:51:09Z">
          <reporter-output>
          </reporter-output>
        </test-method> <!-- endTest -->
      </class> <!-- sauceDemoTest.Scripts.validataLoginData -->
    </test> <!-- validating problem user data -->
    <test name="validating performance user data" duration-ms="10556" started-at="2021-03-21T17:51:09Z" finished-at="2021-03-21T17:51:20Z">
      <class name="sauceDemoTest.Scripts.validataLoginData">
        <test-method status="PASS" signature="setupTest()[pri:0, instance:sauceDemoTest.Scripts.validataLoginData@4cc0edeb]" name="setupTest" is-config="true" duration-ms="2182" started-at="2021-03-21T13:51:09Z" finished-at="2021-03-21T13:51:11Z">
          <reporter-output>
          </reporter-output>
        </test-method> <!-- setupTest -->
        <test-method status="PASS" signature="getToHomePage()[pri:0, instance:sauceDemoTest.Scripts.validataLoginData@4cc0edeb]" name="getToHomePage" is-config="true" duration-ms="241" started-at="2021-03-21T13:51:11Z" finished-at="2021-03-21T13:51:12Z">
          <reporter-output>
          </reporter-output>
        </test-method> <!-- getToHomePage -->
        <test-method status="PASS" signature="validateLogin(java.lang.String, java.lang.String, java.lang.String)[pri:0, instance:sauceDemoTest.Scripts.validataLoginData@4cc0edeb]" name="validateLogin" duration-ms="6379" started-at="2021-03-21T13:51:12Z" finished-at="2021-03-21T13:51:18Z">
          <params>
            <param index="0">
              <value>
                <![CDATA[performance_glitch_user]]>
              </value>
            </param>
            <param index="1">
              <value>
                <![CDATA[secret_sauce]]>
              </value>
            </param>
            <param index="2">
              <value>
                <![CDATA[https://www.saucedemo.com/inventory.html]]>
              </value>
            </param>
          </params>
          <reporter-output>
          </reporter-output>
        </test-method> <!-- validateLogin -->
        <test-method status="PASS" signature="endTest()[pri:0, instance:sauceDemoTest.Scripts.validataLoginData@4cc0edeb]" name="endTest" is-config="true" duration-ms="1752" started-at="2021-03-21T13:51:18Z" finished-at="2021-03-21T13:51:20Z">
          <reporter-output>
          </reporter-output>
        </test-method> <!-- endTest -->
      </class> <!-- sauceDemoTest.Scripts.validataLoginData -->
    </test> <!-- validating performance user data -->
  </suite> <!-- data driven login testing -->
</testng-results>
