<?xml version="1.0" encoding="UTF-8"?>
<!-- Generated by org.testng.reporters.JUnitXMLReporter -->
<testsuite hostname="DESKTOP-E69K95O" name="Default test" tests="3" failures="0" timestamp="21 Mar 2021 17:09:02 GMT" time="4.31" errors="0">
  <testcase name="enableUsername" time="0.056" classname="sauceDemoTest.Scripts.valiadateLoginElements"/>
  <testcase name="enablePassword" time="0.022" classname="sauceDemoTest.Scripts.valiadateLoginElements"/>
  <testcase name="enablelogin" time="0.02" classname="sauceDemoTest.Scripts.valiadateLoginElements"/>
</testsuite> <!-- Default test -->
