<?xml version="1.0" encoding="UTF-8"?>
<testng-results skipped="0" failed="0" ignored="0" total="1" passed="1">
  <reporter-output>
  </reporter-output>
  <suite name="Default suite" duration-ms="3025" started-at="2021-04-09T18:46:21Z" finished-at="2021-04-09T18:46:24Z">
    <groups>
    </groups>
    <test name="Default test" duration-ms="3025" started-at="2021-04-09T18:46:21Z" finished-at="2021-04-09T18:46:24Z">
      <class name="Test_Demo.AgileTech.TestNG_Demo">
        <test-method status="PASS" signature="testngdemo()[pri:0, instance:Test_Demo.AgileTech.TestNG_Demo@61dd025]" name="testngdemo" duration-ms="3021" started-at="2021-04-09T18:46:21Z" finished-at="2021-04-09T18:46:24Z">
          <reporter-output>
          </reporter-output>
        </test-method> <!-- testngdemo -->
      </class> <!-- Test_Demo.AgileTech.TestNG_Demo -->
    </test> <!-- Default test -->
  </suite> <!-- Default suite -->
</testng-results>
