<?xml version="1.0" encoding="UTF-8"?>
<!-- Generated by org.testng.reporters.JUnitXMLReporter -->
<testsuite hostname="DESKTOP-E69K95O" name="regression testing" tests="5" failures="0" timestamp="21 Mar 2021 17:18:55 GMT" time="9.673" errors="0">
  <testcase name="validatePositiveLogin" time="1.276" classname="sauceDemoTest.Scripts.validateLogin"/>
  <testcase name="validateNegativeLogin" time="1.225" classname="sauceDemoTest.Scripts.validateLogin"/>
  <testcase name="enableUsername" time="0.025" classname="sauceDemoTest.Scripts.valiadateLoginElements"/>
  <testcase name="enablePassword" time="0.026" classname="sauceDemoTest.Scripts.valiadateLoginElements"/>
  <testcase name="enablelogin" time="0.024" classname="sauceDemoTest.Scripts.valiadateLoginElements"/>
</testsuite> <!-- regression testing -->
