<?xml version="1.0" encoding="UTF-8"?>
<!-- Generated by org.testng.reporters.JUnitXMLReporter -->
<testsuite hostname="DESKTOP-E69K95O" name="regression testing 1" tests="2" failures="0" timestamp="21 Mar 2021 17:24:55 GMT" time="7.441" errors="0">
  <testcase name="validatePositiveLogin" time="1.347" classname="sauceDemoTest.Scripts.validateLogin"/>
  <testcase name="validateNegativeLogin" time="1.188" classname="sauceDemoTest.Scripts.validateLogin"/>
</testsuite> <!-- regression testing 1 -->
