<?xml version="1.0" encoding="UTF-8"?>
<!-- Generated by org.testng.reporters.JUnitXMLReporter -->
<testsuite hostname="DESKTOP-E69K95O" name="regression testing 2" tests="3" failures="0" timestamp="21 Mar 2021 17:24:54 GMT" time="6.79" errors="0">
  <testcase name="enableUsername" time="0.026" classname="sauceDemoTest.Scripts.valiadateLoginElements"/>
  <testcase name="enablePassword" time="0.024" classname="sauceDemoTest.Scripts.valiadateLoginElements"/>
  <testcase name="enablelogin" time="0.023" classname="sauceDemoTest.Scripts.valiadateLoginElements"/>
</testsuite> <!-- regression testing 2 -->
