<?xml version="1.0" encoding="UTF-8"?>
<testng-results skipped="0" failed="0" total="1" passed="1">
  <reporter-output>
  </reporter-output>
  <suite name="Default suite" duration-ms="5484" started-at="2021-03-20T16:15:08Z" finished-at="2021-03-20T16:15:13Z">
    <groups>
    </groups>
    <test name="Default test" duration-ms="5484" started-at="2021-03-20T16:15:08Z" finished-at="2021-03-20T16:15:13Z">
      <class name="TestScripts.sauceDemoSample">
        <test-method status="PASS" signature="setupTest()[pri:0, instance:TestScripts.sauceDemoSample@7995092a]" name="setupTest" is-config="true" duration-ms="5397" started-at="2021-03-20T12:15:08Z" finished-at="2021-03-20T12:15:13Z">
          <reporter-output>
          </reporter-output>
        </test-method> <!-- setupTest -->
        <test-method status="PASS" signature="loginTest()[pri:0, instance:TestScripts.sauceDemoSample@7995092a]" name="loginTest" duration-ms="78" started-at="2021-03-20T12:15:13Z" finished-at="2021-03-20T12:15:13Z">
          <reporter-output>
          </reporter-output>
        </test-method> <!-- loginTest -->
        <test-method status="PASS" signature="endTest()[pri:0, instance:TestScripts.sauceDemoSample@7995092a]" name="endTest" is-config="true" duration-ms="0" started-at="2021-03-20T12:15:13Z" finished-at="2021-03-20T12:15:13Z">
          <reporter-output>
          </reporter-output>
        </test-method> <!-- endTest -->
      </class> <!-- TestScripts.sauceDemoSample -->
    </test> <!-- Default test -->
  </suite> <!-- Default suite -->
</testng-results>
